<?xml version="1.0" encoding="UTF-8"?>
<!-- Generated by org.testng.reporters.JUnitReportReporter -->
<testsuite hostname="DESKTOP-8V9JK3B" name="Test_Cases.WebShop_Login_Test_Cases" tests="1" failures="0" timestamp="18 Nov 2020 15:07:38 GMT" time="16.107" errors="0">
  <testcase name="LoginText" time="16.107" classname="Test_Cases.WebShop_Login_Test_Cases"/>
</testsuite> <!-- Test_Cases.WebShop_Login_Test_Cases -->
