<?xml version="1.0" encoding="UTF-8"?>
<!-- Generated by org.testng.reporters.JUnitReportReporter -->
<testsuite hostname="DESKTOP-8V9JK3B" name="Test_Cases.Online_Shopping_Login_Test_Cases" tests="1" failures="0" timestamp="17 Nov 2020 04:46:36 GMT" time="2.318" errors="0">
  <testcase name="LoginText" time="2.318" classname="Test_Cases.Online_Shopping_Login_Test_Cases"/>
</testsuite> <!-- Test_Cases.Online_Shopping_Login_Test_Cases -->
