<?xml version="1.0" encoding="UTF-8"?>
<!-- Generated by org.testng.reporters.JUnitReportReporter -->
<testsuite hostname="DESKTOP-8V9JK3B" name="Test_Cases.WebShop_Price_Verfication_Test_Case" tests="1" failures="0" timestamp="18 Nov 2020 15:07:38 GMT" time="4.131" errors="0">
  <testcase name="PriceVerfication" time="4.131" classname="Test_Cases.WebShop_Price_Verfication_Test_Case"/>
</testsuite> <!-- Test_Cases.WebShop_Price_Verfication_Test_Case -->
